0 info it worked if it ends with ok
1 verbose cli [ 'node', '/usr/local/bin/npm', 'install', 'faker', '--save-dev' ]
2 info using npm@2.7.0
3 info using node@v0.11.16
4 warn package.json filladon2@0.0.1 No description
5 warn package.json filladon2@0.0.1 No repository field.
6 warn package.json filladon2@0.0.1 No README data
7 silly cache add args [ 'faker', null ]
8 verbose cache add spec faker
9 silly cache add parsed spec { raw: 'faker',
9 silly cache add   scope: null,
9 silly cache add   name: 'faker',
9 silly cache add   rawSpec: '',
9 silly cache add   spec: '*',
9 silly cache add   type: 'range' }
10 verbose addNamed faker@*
11 silly addNamed semver.valid null
12 silly addNamed semver.validRange *
13 silly addNameRange { name: 'faker', range: '*', hasData: false }
14 silly mapToRegistry name faker
15 silly mapToRegistry using default registry
16 silly mapToRegistry registry https://registry.npmjs.org/
17 silly mapToRegistry uri https://registry.npmjs.org/faker
18 verbose addNameRange registry:https://registry.npmjs.org/faker not in flight; fetching
19 verbose request uri https://registry.npmjs.org/faker
20 verbose request no auth needed
21 info attempt registry request try #1 at 7:52:32 PM
22 verbose request id 8331fc2acc3b78b0
23 http request GET https://registry.npmjs.org/faker
24 http 200 https://registry.npmjs.org/faker
25 silly get cb [ 200,
25 silly get   { server: 'CouchDB/1.5.0 (Erlang OTP/R16B03)',
25 silly get     etag: '"HLSWGTRQLDEHA4DPYEW77VRY"',
25 silly get     'content-type': 'application/json',
25 silly get     'cache-control': 'max-age=60',
25 silly get     'content-length': '24832',
25 silly get     'accept-ranges': 'bytes',
25 silly get     date: 'Sun, 26 Jul 2015 02:52:33 GMT',
25 silly get     via: '1.1 varnish',
25 silly get     age: '0',
25 silly get     connection: 'keep-alive',
25 silly get     'x-served-by': 'cache-dfw1827-DFW',
25 silly get     'x-cache': 'MISS',
25 silly get     'x-cache-hits': '0',
25 silly get     'x-timer': 'S1437879153.132251,VS0,VE66',
25 silly get     vary: 'Accept' } ]
26 verbose get saving faker to /Users/sean/.npm/registry.npmjs.org/faker/.cache.json
27 silly addNameRange number 2 { name: 'faker', range: '*', hasData: true }
28 silly addNameRange versions [ 'faker',
28 silly addNameRange   [ '1.0.0',
28 silly addNameRange     '1.0.1',
28 silly addNameRange     '1.1.0',
28 silly addNameRange     '2.0.0',
28 silly addNameRange     '2.0.1',
28 silly addNameRange     '2.0.2',
28 silly addNameRange     '2.0.3',
28 silly addNameRange     '2.1.0',
28 silly addNameRange     '2.1.1',
28 silly addNameRange     '2.1.2',
28 silly addNameRange     '2.1.3',
28 silly addNameRange     '2.1.4',
28 silly addNameRange     '2.1.5',
28 silly addNameRange     '3.0.0' ] ]
29 verbose addNamed faker@3.0.0
30 silly addNamed semver.valid 3.0.0
31 silly addNamed semver.validRange 3.0.0
32 silly mapToRegistry name faker
33 silly mapToRegistry using default registry
34 silly mapToRegistry registry https://registry.npmjs.org/
35 silly mapToRegistry uri https://registry.npmjs.org/faker
36 verbose addRemoteTarball https://registry.npmjs.org/faker/-/faker-3.0.0.tgz not in flight; adding
37 verbose addRemoteTarball [ 'https://registry.npmjs.org/faker/-/faker-3.0.0.tgz',
37 verbose addRemoteTarball   'ee9f7a3f40c15f68b9402088aa8f18a0ce4da00e' ]
38 info retry fetch attempt 1 at 7:52:33 PM
39 info attempt registry request try #1 at 7:52:33 PM
40 http fetch GET https://registry.npmjs.org/faker/-/faker-3.0.0.tgz
41 http fetch 200 https://registry.npmjs.org/faker/-/faker-3.0.0.tgz
42 silly fetchAndShaCheck shasum ee9f7a3f40c15f68b9402088aa8f18a0ce4da00e
43 verbose addTmpTarball /var/folders/4r/7p54w72s4_1g1787bf5ckfbr0000gn/T/npm-10165-47cfe20e/registry.npmjs.org/faker/-/faker-3.0.0.tgz not in flight; adding
44 verbose addTmpTarball already have metadata; skipping unpack for faker@3.0.0
45 silly cache afterAdd faker@3.0.0
46 verbose afterAdd /Users/sean/.npm/faker/3.0.0/package/package.json not in flight; writing
47 verbose afterAdd /Users/sean/.npm/faker/3.0.0/package/package.json written
48 silly install resolved [ { name: 'faker',
48 silly install resolved     description: 'Generate massive amounts of fake contextual data',
48 silly install resolved     version: '3.0.0',
48 silly install resolved     contributors: [ [Object], [Object] ],
48 silly install resolved     repository:
48 silly install resolved      { type: 'git',
48 silly install resolved        url: 'git+ssh://git@github.com/Marak/Faker.js.git' },
48 silly install resolved     scripts: { test: 'mocha test/*.*.js' },
48 silly install resolved     devDependencies:
48 silly install resolved      { browserify: '5.11.1',
48 silly install resolved        gulp: '3.8.8',
48 silly install resolved        'gulp-mustache': '0.4.0',
48 silly install resolved        'gulp-rename': '1.2.0',
48 silly install resolved        'gulp-uglify': '1.0.1',
48 silly install resolved        istanbul: '0.1.25',
48 silly install resolved        jshint: '0.9.0',
48 silly install resolved        lodash: '^2.4.1',
48 silly install resolved        mocha: '1.8.x',
48 silly install resolved        'node-minify': '*',
48 silly install resolved        optimist: '0.3.5',
48 silly install resolved        sinon: '1.4.2',
48 silly install resolved        'vinyl-transform': '0.0.1' },
48 silly install resolved     license: 'MIT',
48 silly install resolved     main: 'index.js',
48 silly install resolved     gitHead: '6771c540aad4a43f612ff3ece53ea12f6f15dd37',
48 silly install resolved     bugs: { url: 'https://github.com/Marak/Faker.js/issues' },
48 silly install resolved     homepage: 'https://github.com/Marak/Faker.js#readme',
48 silly install resolved     _id: 'faker@3.0.0',
48 silly install resolved     _shasum: 'ee9f7a3f40c15f68b9402088aa8f18a0ce4da00e',
48 silly install resolved     _from: 'faker@*',
48 silly install resolved     _npmVersion: '2.12.1',
48 silly install resolved     _nodeVersion: '0.11.13',
48 silly install resolved     _npmUser: { name: 'marak', email: 'marak.squires@gmail.com' },
48 silly install resolved     maintainers: [ [Object] ],
48 silly install resolved     dist:
48 silly install resolved      { shasum: 'ee9f7a3f40c15f68b9402088aa8f18a0ce4da00e',
48 silly install resolved        tarball: 'http://registry.npmjs.org/faker/-/faker-3.0.0.tgz' },
48 silly install resolved     directories: {},
48 silly install resolved     _resolved: 'https://registry.npmjs.org/faker/-/faker-3.0.0.tgz' } ]
49 info install faker@3.0.0 into /Users/sean/Documents/code/filladon2
50 info installOne faker@3.0.0
51 verbose installOne of faker to /Users/sean/Documents/code/filladon2 not in flight; installing
52 warn locking Error: EACCES, open '/Users/sean/.npm/_locks/faker-8f9e96a0609bdd0d.lock'
52 warn locking     at Error (native)
52 warn locking  /Users/sean/.npm/_locks/faker-8f9e96a0609bdd0d.lock failed { [Error: EACCES, open '/Users/sean/.npm/_locks/faker-8f9e96a0609bdd0d.lock']
52 warn locking   errno: -13,
52 warn locking   code: 'EACCES',
52 warn locking   path: '/Users/sean/.npm/_locks/faker-8f9e96a0609bdd0d.lock' }
53 verbose stack Error: Attempt to unlock /Users/sean/Documents/code/filladon2/node_modules/faker, which hasn't been locked
53 verbose stack     at unlock (/usr/local/lib/node_modules/npm/lib/utils/locker.js:66:11)
53 verbose stack     at cb (/usr/local/lib/node_modules/npm/lib/install.js:955:5)
53 verbose stack     at /usr/local/lib/node_modules/npm/lib/install.js:959:20
53 verbose stack     at /usr/local/lib/node_modules/npm/lib/utils/locker.js:40:9
53 verbose stack     at cb (/usr/local/lib/node_modules/npm/node_modules/lockfile/lockfile.js:149:38)
53 verbose stack     at /usr/local/lib/node_modules/npm/node_modules/lockfile/lockfile.js:177:38
53 verbose stack     at FSReqWrap.oncomplete (fs.js:99:15)
54 verbose cwd /Users/sean/Documents/code/filladon2/data
55 error Darwin 14.0.0
56 error argv "node" "/usr/local/bin/npm" "install" "faker" "--save-dev"
57 error node v0.11.16
58 error npm  v2.7.0
59 error Attempt to unlock /Users/sean/Documents/code/filladon2/node_modules/faker, which hasn't been locked
60 error If you need help, you may report this error at:
60 error     <http://github.com/npm/npm/issues>
61 verbose exit [ 1, true ]
